<?xml version="1.0" encoding="UTF-8"?>
<!-- Generated by org.testng.reporters.JUnitReportReporter -->
<testsuite hostname="DESKTOP-0NN2DFH" failures="1" tests="3" name="cucumberoptions.TestNGTestrunner" time="42.586" errors="0" timestamp="2023-12-06T09:21:22 EST" skipped="0">
  <testcase classname="cucumberoptions.TestNGTestrunner" name="runScenario" time="13.406"/>
  <system-out/>
  <testcase classname="cucumberoptions.TestNGTestrunner" name="runScenario" time="14.441"/>
  <system-out/>
  <testcase classname="cucumberoptions.TestNGTestrunner" name="runScenario" time="14.739">
    <failure message="expected [Beetroot] but found [No data]" type="java.lang.AssertionError">
      <![CDATA[java.lang.AssertionError: expected [Beetroot] but found [No data]
at org.testng.Assert.fail(Assert.java:99)
at org.testng.Assert.failNotEquals(Assert.java:1037)
at org.testng.Assert.assertEqualsImpl(Assert.java:140)
at org.testng.Assert.assertEquals(Assert.java:122)
at org.testng.Assert.assertEquals(Assert.java:629)
at org.testng.Assert.assertEquals(Assert.java:639)
at stepdefinitions.Offersteps.validate_product_name_in_offers_page_matches_with_landing_page(Offersteps.java:66)
at ✽.validate product name in offers page matches with landing page(file:///C:/Users/shanj/eclipse-workspace/Cucumber_Rahulshetty/src/test/resources/feature/search.feature:9)
]]>
    </failure>
  </testcase> <!-- runScenario -->
  <system-out/>
</testsuite> <!-- cucumberoptions.TestNGTestrunner -->
